<?xml version="1.0" encoding="UTF-8"?>
<testsuite xmlns:xsi="http://www.w3.org/2001/XMLSchema-instance" xsi:noNamespaceSchemaLocation="https://maven.apache.org/surefire/maven-surefire-plugin/xsd/surefire-test-report-3.0.xsd" version="3.0" name="com.yrgo.test.CustomerManagementServiceIntegrationTest" time="3.309" tests="2" errors="0" skipped="0" failures="0">
  <properties>
[...]
</properties>
  <testcase name="testFindingById" classname="com.yrgo.test.CustomerManagementServiceIntegrationTest" time="0.805">
    <system-out><![CDATA[Hibernate: drop table if exists Action CASCADE 
Hibernate: drop table if exists Customer CASCADE 
Hibernate: drop table if exists Customer_TBL_CALL CASCADE 
Hibernate: drop table if exists TBL_CALL CASCADE 
Hibernate: drop sequence if exists hibernate_sequence
Hibernate: create sequence hibernate_sequence start with 1 increment by 1
Hibernate: create table Action (actionId integer not null, complete boolean not null, details varchar(255), owningUser varchar(255), requiredBy timestamp, primary key (actionId))
Hibernate: create table Customer (customerId varchar(255) not null, companyName varchar(255), email varchar(255), notes varchar(255), telephone varchar(255), primary key (customerId))
Hibernate: create table Customer_TBL_CALL (Customer_customerId varchar(255) not null, calls_id integer not null)
Hibernate: create table TBL_CALL (id integer not null, notes varchar(255), timeAndDate timestamp, primary key (id))
Hibernate: alter table Customer_TBL_CALL add constraint UK_klici3tapu1wnmase4vwypfc4 unique (calls_id)
Hibernate: alter table Customer_TBL_CALL add constraint FKcp9vxb18jnb84qqhht8yw6qgt foreign key (calls_id) references TBL_CALL
Hibernate: alter table Customer_TBL_CALL add constraint FKd2jiq43djxj5qjwo01ilaaqoq foreign key (Customer_customerId) references Customer
Hibernate: drop table if exists Action CASCADE 
Hibernate: drop table if exists Customer CASCADE 
Hibernate: drop table if exists Customer_TBL_CALL CASCADE 
Hibernate: drop table if exists TBL_CALL CASCADE 
Hibernate: drop sequence if exists hibernate_sequence
Hibernate: create sequence hibernate_sequence start with 1 increment by 1
Hibernate: create table Action (actionId integer not null, complete boolean not null, details varchar(255), owningUser varchar(255), requiredBy timestamp, primary key (actionId))
Hibernate: create table Customer (customerId varchar(255) not null, companyName varchar(255), email varchar(255), notes varchar(255), telephone varchar(255), primary key (customerId))
Hibernate: create table Customer_TBL_CALL (Customer_customerId varchar(255) not null, calls_id integer not null)
Hibernate: create table TBL_CALL (id integer not null, notes varchar(255), timeAndDate timestamp, primary key (id))
Hibernate: alter table Customer_TBL_CALL add constraint UK_klici3tapu1wnmase4vwypfc4 unique (calls_id)
Hibernate: alter table Customer_TBL_CALL add constraint FKcp9vxb18jnb84qqhht8yw6qgt foreign key (calls_id) references TBL_CALL
Hibernate: alter table Customer_TBL_CALL add constraint FKd2jiq43djxj5qjwo01ilaaqoq foreign key (Customer_customerId) references Customer
Hibernate: select customer0_.customerId as customer1_1_1_, customer0_.companyName as companyn2_1_1_, customer0_.email as email3_1_1_, customer0_.notes as notes4_1_1_, customer0_.telephone as telephon5_1_1_, calls1_.Customer_customerId as customer1_2_3_, call2_.id as calls_id2_2_3_, call2_.id as id1_3_0_, call2_.notes as notes2_3_0_, call2_.timeAndDate as timeandd3_3_0_ from Customer customer0_ left outer join Customer_TBL_CALL calls1_ on customer0_.customerId=calls1_.Customer_customerId left outer join TBL_CALL call2_ on calls1_.calls_id=call2_.id where customer0_.customerId=?
&amp#27;[34mTIMER: Method &amp#27;[33mCustomerDao.create()&amp#27;[34m took 75.2396ms
&amp#27;[0m&amp#27;[34mTIMER: Method &amp#27;[33mCustomerManagementService.newCustomer()&amp#27;[34m took 88.8547ms
&amp#27;[0mHibernate: insert into Customer (companyName, email, notes, telephone, customerId) values (?, ?, ?, ?, ?)
Hibernate: select customer0_.customerId as customer1_1_, customer0_.companyName as companyn2_1_, customer0_.email as email3_1_, customer0_.notes as notes4_1_, customer0_.telephone as telephon5_1_ from Customer customer0_ where customer0_.customerId=?
&amp#27;[34mTIMER: Method &amp#27;[33mCustomerDao.getById()&amp#27;[34m took 68.3354ms
&amp#27;[0m&amp#27;[34mTIMER: Method &amp#27;[33mCustomerManagementService.findCustomerById()&amp#27;[34m took 68.9797ms
&amp#27;[0m]]></system-out>
  </testcase>
  <testcase name="testAddingCustomer" classname="com.yrgo.test.CustomerManagementServiceIntegrationTest" time="0.178">
    <system-out><![CDATA[Hibernate: drop table if exists Action CASCADE 
Hibernate: drop table if exists Customer CASCADE 
Hibernate: drop table if exists Customer_TBL_CALL CASCADE 
Hibernate: drop table if exists TBL_CALL CASCADE 
Hibernate: drop sequence if exists hibernate_sequence
Hibernate: create sequence hibernate_sequence start with 1 increment by 1
Hibernate: create table Action (actionId integer not null, complete boolean not null, details varchar(255), owningUser varchar(255), requiredBy timestamp, primary key (actionId))
Hibernate: create table Customer (customerId varchar(255) not null, companyName varchar(255), email varchar(255), notes varchar(255), telephone varchar(255), primary key (customerId))
Hibernate: create table Customer_TBL_CALL (Customer_customerId varchar(255) not null, calls_id integer not null)
Hibernate: create table TBL_CALL (id integer not null, notes varchar(255), timeAndDate timestamp, primary key (id))
Hibernate: alter table Customer_TBL_CALL add constraint UK_klici3tapu1wnmase4vwypfc4 unique (calls_id)
Hibernate: alter table Customer_TBL_CALL add constraint FKcp9vxb18jnb84qqhht8yw6qgt foreign key (calls_id) references TBL_CALL
Hibernate: alter table Customer_TBL_CALL add constraint FKd2jiq43djxj5qjwo01ilaaqoq foreign key (Customer_customerId) references Customer
Hibernate: select customer0_.customerId as customer1_1_1_, customer0_.companyName as companyn2_1_1_, customer0_.email as email3_1_1_, customer0_.notes as notes4_1_1_, customer0_.telephone as telephon5_1_1_, calls1_.Customer_customerId as customer1_2_3_, call2_.id as calls_id2_2_3_, call2_.id as id1_3_0_, call2_.notes as notes2_3_0_, call2_.timeAndDate as timeandd3_3_0_ from Customer customer0_ left outer join Customer_TBL_CALL calls1_ on customer0_.customerId=calls1_.Customer_customerId left outer join TBL_CALL call2_ on calls1_.calls_id=call2_.id where customer0_.customerId=?
&amp#27;[34mTIMER: Method &amp#27;[33mCustomerDao.create()&amp#27;[34m took 1.6896ms
&amp#27;[0m&amp#27;[34mTIMER: Method &amp#27;[33mCustomerManagementService.newCustomer()&amp#27;[34m took 1.9822ms
&amp#27;[0mHibernate: insert into Customer (companyName, email, notes, telephone, customerId) values (?, ?, ?, ?, ?)
Hibernate: select customer0_.customerId as customer1_1_1_, customer0_.companyName as companyn2_1_1_, customer0_.email as email3_1_1_, customer0_.notes as notes4_1_1_, customer0_.telephone as telephon5_1_1_, calls1_.Customer_customerId as customer1_2_3_, call2_.id as calls_id2_2_3_, call2_.id as id1_3_0_, call2_.notes as notes2_3_0_, call2_.timeAndDate as timeandd3_3_0_ from Customer customer0_ left outer join Customer_TBL_CALL calls1_ on customer0_.customerId=calls1_.Customer_customerId left outer join TBL_CALL call2_ on calls1_.calls_id=call2_.id where customer0_.customerId=?
&amp#27;[34mTIMER: Method &amp#27;[33mCustomerDao.create()&amp#27;[34m took 0.943ms
&amp#27;[0m&amp#27;[34mTIMER: Method &amp#27;[33mCustomerManagementService.newCustomer()&amp#27;[34m took 1.0548ms
&amp#27;[0mHibernate: insert into Customer (companyName, email, notes, telephone, customerId) values (?, ?, ?, ?, ?)
Hibernate: select customer0_.customerId as customer1_1_, customer0_.companyName as companyn2_1_, customer0_.email as email3_1_, customer0_.notes as notes4_1_, customer0_.telephone as telephon5_1_ from Customer customer0_
&amp#27;[34mTIMER: Method &amp#27;[33mCustomerDao.getAllCustomers()&amp#27;[34m took 1.9674ms
&amp#27;[0m&amp#27;[34mTIMER: Method &amp#27;[33mCustomerManagementService.getAllCustomers()&amp#27;[34m took 2.3002ms
&amp#27;[0m]]></system-out>
  </testcase>
</testsuite>