<?xml version="1.0" encoding="UTF-8"?>
<testsuite xmlns:xsi="http://www.w3.org/2001/XMLSchema-instance" xsi:noNamespaceSchemaLocation="https://maven.apache.org/surefire/maven-surefire-plugin/xsd/surefire-test-report-3.0.xsd" version="3.0" name="com.yrgo.test.CustomerManagementServiceIntegrationTest" time="2.766" tests="3" errors="0" skipped="0" failures="2">
  <properties>
[...]
</properties>
  <testcase name="testFindingNonExistentBook" classname="com.yrgo.test.CustomerManagementServiceIntegrationTest" time="2.367">
    <system-out><![CDATA[Hibernate: drop table if exists Action CASCADE 
Hibernate: drop table if exists Customer CASCADE 
Hibernate: drop table if exists Customer_TBL_CALL CASCADE 
Hibernate: drop table if exists TBL_CALL CASCADE 
Hibernate: drop sequence if exists hibernate_sequence
Hibernate: create sequence hibernate_sequence start with 1 increment by 1
Hibernate: create table Action (actionId integer not null, complete boolean not null, details varchar(255), owningUser varchar(255), requiredBy timestamp, primary key (actionId))
Hibernate: create table Customer (customerId varchar(255) not null, companyName varchar(255), email varchar(255), notes varchar(255), telephone varchar(255), primary key (customerId))
Hibernate: create table Customer_TBL_CALL (Customer_customerId varchar(255) not null, calls_id integer not null)
Hibernate: create table TBL_CALL (id integer not null, notes varchar(255), timeAndDate timestamp, primary key (id))
Hibernate: alter table Customer_TBL_CALL add constraint UK_klici3tapu1wnmase4vwypfc4 unique (calls_id)
Hibernate: alter table Customer_TBL_CALL add constraint FKcp9vxb18jnb84qqhht8yw6qgt foreign key (calls_id) references TBL_CALL
Hibernate: alter table Customer_TBL_CALL add constraint FKd2jiq43djxj5qjwo01ilaaqoq foreign key (Customer_customerId) references Customer
10:48:42.894 [main] DEBUG org.springframework.jdbc.datasource.DataSourceTransactionManager - Creating new transaction with name [com.yrgo.services.customers.CustomerManagementServiceProductionImpl.findCustomerById]: PROPAGATION_REQUIRES_NEW,ISOLATION_DEFAULT
10:48:42.900 [main] DEBUG org.springframework.jdbc.datasource.DataSourceTransactionManager - Acquired Connection [jdbc:hsqldb:file:database.dat;shutdown=true, UserName=SA, HSQL Database Engine Driver] for JDBC transaction
10:48:42.908 [main] DEBUG org.springframework.jdbc.datasource.DataSourceTransactionManager - Switching JDBC Connection [jdbc:hsqldb:file:database.dat;shutdown=true, UserName=SA, HSQL Database Engine Driver] to manual commit
Hibernate: select customer0_.customerId as customer1_1_, customer0_.companyName as companyn2_1_, customer0_.email as email3_1_, customer0_.notes as notes4_1_, customer0_.telephone as telephon5_1_ from Customer customer0_ where customer0_.customerId=?
&amp#27;[34mTIMER: Method &amp#27;[33mCustomerDao.getById()&amp#27;[34m took 235.3384ms
&amp#27;[0m&amp#27;[34mTIMER: Method &amp#27;[33mCustomerManagementService.findCustomerById()&amp#27;[34m took 243.3852ms
&amp#27;[0m10:48:43.157 [main] DEBUG org.springframework.jdbc.datasource.DataSourceTransactionManager - Initiating transaction commit
10:48:43.157 [main] DEBUG org.springframework.jdbc.datasource.DataSourceTransactionManager - Committing JDBC transaction on Connection [jdbc:hsqldb:file:database.dat;shutdown=true, UserName=SA, HSQL Database Engine Driver]
10:48:43.157 [main] DEBUG org.springframework.jdbc.datasource.DataSourceTransactionManager - Releasing JDBC Connection [jdbc:hsqldb:file:database.dat;shutdown=true, UserName=SA, HSQL Database Engine Driver] after transaction
]]></system-out>
  </testcase>
  <testcase name="testFindingById" classname="com.yrgo.test.CustomerManagementServiceIntegrationTest" time="0.23">
    <failure message="No customer was found when one should have been!" type="org.opentest4j.AssertionFailedError"><![CDATA[org.opentest4j.AssertionFailedError: No customer was found when one should have been!
	at org.junit.jupiter.api.AssertionUtils.fail(AssertionUtils.java:38)
	at org.junit.jupiter.api.Assertions.fail(Assertions.java:135)
	at com.yrgo.test.CustomerManagementServiceIntegrationTest.testFindingById(CustomerManagementServiceIntegrationTest.java:25)
	at java.base/jdk.internal.reflect.NativeMethodAccessorImpl.invoke0(Native Method)
	at java.base/jdk.internal.reflect.NativeMethodAccessorImpl.invoke(NativeMethodAccessorImpl.java:77)
	at java.base/jdk.internal.reflect.DelegatingMethodAccessorImpl.invoke(DelegatingMethodAccessorImpl.java:43)
	at java.base/java.lang.reflect.Method.invoke(Method.java:568)
	at org.junit.platform.commons.util.ReflectionUtils.invokeMethod(ReflectionUtils.java:727)
	at org.junit.jupiter.engine.execution.MethodInvocation.proceed(MethodInvocation.java:60)
	at org.junit.jupiter.engine.execution.InvocationInterceptorChain$ValidatingInvocation.proceed(InvocationInterceptorChain.java:131)
	at org.junit.jupiter.engine.extension.TimeoutExtension.intercept(TimeoutExtension.java:156)
	at org.junit.jupiter.engine.extension.TimeoutExtension.interceptTestableMethod(TimeoutExtension.java:147)
	at org.junit.jupiter.engine.extension.TimeoutExtension.interceptTestMethod(TimeoutExtension.java:86)
	at org.junit.jupiter.engine.execution.InterceptingExecutableInvoker$ReflectiveInterceptorCall.lambda$ofVoidMethod$0(InterceptingExecutableInvoker.java:103)
	at org.junit.jupiter.engine.execution.InterceptingExecutableInvoker.lambda$invoke$0(InterceptingExecutableInvoker.java:93)
	at org.junit.jupiter.engine.execution.InvocationInterceptorChain$InterceptedInvocation.proceed(InvocationInterceptorChain.java:106)
	at org.junit.jupiter.engine.execution.InvocationInterceptorChain.proceed(InvocationInterceptorChain.java:64)
	at org.junit.jupiter.engine.execution.InvocationInterceptorChain.chainAndInvoke(InvocationInterceptorChain.java:45)
	at org.junit.jupiter.engine.execution.InvocationInterceptorChain.invoke(InvocationInterceptorChain.java:37)
	at org.junit.jupiter.engine.execution.InterceptingExecutableInvoker.invoke(InterceptingExecutableInvoker.java:92)
	at org.junit.jupiter.engine.execution.InterceptingExecutableInvoker.invoke(InterceptingExecutableInvoker.java:86)
	at org.junit.jupiter.engine.descriptor.TestMethodTestDescriptor.lambda$invokeTestMethod$7(TestMethodTestDescriptor.java:217)
	at org.junit.platform.engine.support.hierarchical.ThrowableCollector.execute(ThrowableCollector.java:73)
	at org.junit.jupiter.engine.descriptor.TestMethodTestDescriptor.invokeTestMethod(TestMethodTestDescriptor.java:213)
	at org.junit.jupiter.engine.descriptor.TestMethodTestDescriptor.execute(TestMethodTestDescriptor.java:138)
	at org.junit.jupiter.engine.descriptor.TestMethodTestDescriptor.execute(TestMethodTestDescriptor.java:68)
	at org.junit.platform.engine.support.hierarchical.NodeTestTask.lambda$executeRecursively$6(NodeTestTask.java:151)
	at org.junit.platform.engine.support.hierarchical.ThrowableCollector.execute(ThrowableCollector.java:73)
	at org.junit.platform.engine.support.hierarchical.NodeTestTask.lambda$executeRecursively$8(NodeTestTask.java:141)
	at org.junit.platform.engine.support.hierarchical.Node.around(Node.java:137)
	at org.junit.platform.engine.support.hierarchical.NodeTestTask.lambda$executeRecursively$9(NodeTestTask.java:139)
	at org.junit.platform.engine.support.hierarchical.ThrowableCollector.execute(ThrowableCollector.java:73)
	at org.junit.platform.engine.support.hierarchical.NodeTestTask.executeRecursively(NodeTestTask.java:138)
	at org.junit.platform.engine.support.hierarchical.NodeTestTask.execute(NodeTestTask.java:95)
	at java.base/java.util.ArrayList.forEach(ArrayList.java:1511)
	at org.junit.platform.engine.support.hierarchical.SameThreadHierarchicalTestExecutorService.invokeAll(SameThreadHierarchicalTestExecutorService.java:41)
	at org.junit.platform.engine.support.hierarchical.NodeTestTask.lambda$executeRecursively$6(NodeTestTask.java:155)
	at org.junit.platform.engine.support.hierarchical.ThrowableCollector.execute(ThrowableCollector.java:73)
	at org.junit.platform.engine.support.hierarchical.NodeTestTask.lambda$executeRecursively$8(NodeTestTask.java:141)
	at org.junit.platform.engine.support.hierarchical.Node.around(Node.java:137)
	at org.junit.platform.engine.support.hierarchical.NodeTestTask.lambda$executeRecursively$9(NodeTestTask.java:139)
	at org.junit.platform.engine.support.hierarchical.ThrowableCollector.execute(ThrowableCollector.java:73)
	at org.junit.platform.engine.support.hierarchical.NodeTestTask.executeRecursively(NodeTestTask.java:138)
	at org.junit.platform.engine.support.hierarchical.NodeTestTask.execute(NodeTestTask.java:95)
	at java.base/java.util.ArrayList.forEach(ArrayList.java:1511)
	at org.junit.platform.engine.support.hierarchical.SameThreadHierarchicalTestExecutorService.invokeAll(SameThreadHierarchicalTestExecutorService.java:41)
	at org.junit.platform.engine.support.hierarchical.NodeTestTask.lambda$executeRecursively$6(NodeTestTask.java:155)
	at org.junit.platform.engine.support.hierarchical.ThrowableCollector.execute(ThrowableCollector.java:73)
	at org.junit.platform.engine.support.hierarchical.NodeTestTask.lambda$executeRecursively$8(NodeTestTask.java:141)
	at org.junit.platform.engine.support.hierarchical.Node.around(Node.java:137)
	at org.junit.platform.engine.support.hierarchical.NodeTestTask.lambda$executeRecursively$9(NodeTestTask.java:139)
	at org.junit.platform.engine.support.hierarchical.ThrowableCollector.execute(ThrowableCollector.java:73)
	at org.junit.platform.engine.support.hierarchical.NodeTestTask.executeRecursively(NodeTestTask.java:138)
	at org.junit.platform.engine.support.hierarchical.NodeTestTask.execute(NodeTestTask.java:95)
	at org.junit.platform.engine.support.hierarchical.SameThreadHierarchicalTestExecutorService.submit(SameThreadHierarchicalTestExecutorService.java:35)
	at org.junit.platform.engine.support.hierarchical.HierarchicalTestExecutor.execute(HierarchicalTestExecutor.java:57)
	at org.junit.platform.engine.support.hierarchical.HierarchicalTestEngine.execute(HierarchicalTestEngine.java:54)
	at org.junit.platform.launcher.core.EngineExecutionOrchestrator.execute(EngineExecutionOrchestrator.java:147)
	at org.junit.platform.launcher.core.EngineExecutionOrchestrator.execute(EngineExecutionOrchestrator.java:127)
	at org.junit.platform.launcher.core.EngineExecutionOrchestrator.execute(EngineExecutionOrchestrator.java:90)
	at org.junit.platform.launcher.core.EngineExecutionOrchestrator.lambda$execute$0(EngineExecutionOrchestrator.java:55)
	at org.junit.platform.launcher.core.EngineExecutionOrchestrator.withInterceptedStreams(EngineExecutionOrchestrator.java:102)
	at org.junit.platform.launcher.core.EngineExecutionOrchestrator.execute(EngineExecutionOrchestrator.java:54)
	at org.junit.platform.launcher.core.DefaultLauncher.execute(DefaultLauncher.java:114)
	at org.junit.platform.launcher.core.DefaultLauncher.execute(DefaultLauncher.java:86)
	at org.junit.platform.launcher.core.DefaultLauncherSession$DelegatingLauncher.execute(DefaultLauncherSession.java:86)
	at org.apache.maven.surefire.junitplatform.LazyLauncher.execute(LazyLauncher.java:56)
	at org.apache.maven.surefire.junitplatform.JUnitPlatformProvider.execute(JUnitPlatformProvider.java:184)
	at org.apache.maven.surefire.junitplatform.JUnitPlatformProvider.invokeAllTests(JUnitPlatformProvider.java:148)
	at org.apache.maven.surefire.junitplatform.JUnitPlatformProvider.invoke(JUnitPlatformProvider.java:122)
	at org.apache.maven.surefire.booter.ForkedBooter.runSuitesInProcess(ForkedBooter.java:385)
	at org.apache.maven.surefire.booter.ForkedBooter.execute(ForkedBooter.java:162)
	at org.apache.maven.surefire.booter.ForkedBooter.run(ForkedBooter.java:507)
	at org.apache.maven.surefire.booter.ForkedBooter.main(ForkedBooter.java:495)
]]></failure>
    <system-out><![CDATA[Hibernate: drop table if exists Action CASCADE 
Hibernate: drop table if exists Customer CASCADE 
Hibernate: drop table if exists Customer_TBL_CALL CASCADE 
Hibernate: drop table if exists TBL_CALL CASCADE 
Hibernate: drop sequence if exists hibernate_sequence
Hibernate: create sequence hibernate_sequence start with 1 increment by 1
Hibernate: create table Action (actionId integer not null, complete boolean not null, details varchar(255), owningUser varchar(255), requiredBy timestamp, primary key (actionId))
Hibernate: create table Customer (customerId varchar(255) not null, companyName varchar(255), email varchar(255), notes varchar(255), telephone varchar(255), primary key (customerId))
Hibernate: create table Customer_TBL_CALL (Customer_customerId varchar(255) not null, calls_id integer not null)
Hibernate: create table TBL_CALL (id integer not null, notes varchar(255), timeAndDate timestamp, primary key (id))
Hibernate: alter table Customer_TBL_CALL add constraint UK_klici3tapu1wnmase4vwypfc4 unique (calls_id)
Hibernate: alter table Customer_TBL_CALL add constraint FKcp9vxb18jnb84qqhht8yw6qgt foreign key (calls_id) references TBL_CALL
Hibernate: alter table Customer_TBL_CALL add constraint FKd2jiq43djxj5qjwo01ilaaqoq foreign key (Customer_customerId) references Customer
10:48:43.304 [main] DEBUG org.springframework.jdbc.datasource.DataSourceTransactionManager - Creating new transaction with name [com.yrgo.services.customers.CustomerManagementServiceProductionImpl.newCustomer]: PROPAGATION_REQUIRES_NEW,ISOLATION_DEFAULT
10:48:43.305 [main] DEBUG org.springframework.jdbc.datasource.DataSourceTransactionManager - Acquired Connection [jdbc:hsqldb:file:database.dat;shutdown=true, UserName=SA, HSQL Database Engine Driver] for JDBC transaction
10:48:43.305 [main] DEBUG org.springframework.jdbc.datasource.DataSourceTransactionManager - Switching JDBC Connection [jdbc:hsqldb:file:database.dat;shutdown=true, UserName=SA, HSQL Database Engine Driver] to manual commit
10:48:43.305 [main] DEBUG org.springframework.jdbc.datasource.DataSourceTransactionManager - Participating in existing transaction
Hibernate: select customer0_.customerId as customer1_1_1_, customer0_.companyName as companyn2_1_1_, customer0_.email as email3_1_1_, customer0_.notes as notes4_1_1_, customer0_.telephone as telephon5_1_1_, calls1_.Customer_customerId as customer1_2_3_, call2_.id as calls_id2_2_3_, call2_.id as id1_3_0_, call2_.notes as notes2_3_0_, call2_.timeAndDate as timeandd3_3_0_ from Customer customer0_ left outer join Customer_TBL_CALL calls1_ on customer0_.customerId=calls1_.Customer_customerId left outer join TBL_CALL call2_ on calls1_.calls_id=call2_.id where customer0_.customerId=?
&amp#27;[34mTIMER: Method &amp#27;[33mCustomerDao.create()&amp#27;[34m took 71.1466ms
&amp#27;[0m&amp#27;[34mTIMER: Method &amp#27;[33mCustomerManagementService.newCustomer()&amp#27;[34m took 72.5896ms
&amp#27;[0m10:48:43.380 [main] DEBUG org.springframework.jdbc.datasource.DataSourceTransactionManager - Initiating transaction commit
10:48:43.380 [main] DEBUG org.springframework.jdbc.datasource.DataSourceTransactionManager - Committing JDBC transaction on Connection [jdbc:hsqldb:file:database.dat;shutdown=true, UserName=SA, HSQL Database Engine Driver]
10:48:43.380 [main] DEBUG org.springframework.jdbc.datasource.DataSourceTransactionManager - Releasing JDBC Connection [jdbc:hsqldb:file:database.dat;shutdown=true, UserName=SA, HSQL Database Engine Driver] after transaction
10:48:43.382 [main] DEBUG org.springframework.jdbc.datasource.DataSourceTransactionManager - Creating new transaction with name [com.yrgo.services.customers.CustomerManagementServiceProductionImpl.findCustomerById]: PROPAGATION_REQUIRES_NEW,ISOLATION_DEFAULT
10:48:43.382 [main] DEBUG org.springframework.jdbc.datasource.DataSourceTransactionManager - Acquired Connection [jdbc:hsqldb:file:database.dat;shutdown=true, UserName=SA, HSQL Database Engine Driver] for JDBC transaction
10:48:43.382 [main] DEBUG org.springframework.jdbc.datasource.DataSourceTransactionManager - Switching JDBC Connection [jdbc:hsqldb:file:database.dat;shutdown=true, UserName=SA, HSQL Database Engine Driver] to manual commit
Hibernate: select customer0_.customerId as customer1_1_, customer0_.companyName as companyn2_1_, customer0_.email as email3_1_, customer0_.notes as notes4_1_, customer0_.telephone as telephon5_1_ from Customer customer0_ where customer0_.customerId=?
&amp#27;[34mTIMER: Method &amp#27;[33mCustomerDao.getById()&amp#27;[34m took 3.9084ms
&amp#27;[0m&amp#27;[34mTIMER: Method &amp#27;[33mCustomerManagementService.findCustomerById()&amp#27;[34m took 5.1137ms
&amp#27;[0m10:48:43.388 [main] DEBUG org.springframework.jdbc.datasource.DataSourceTransactionManager - Initiating transaction commit
10:48:43.388 [main] DEBUG org.springframework.jdbc.datasource.DataSourceTransactionManager - Committing JDBC transaction on Connection [jdbc:hsqldb:file:database.dat;shutdown=true, UserName=SA, HSQL Database Engine Driver]
10:48:43.389 [main] DEBUG org.springframework.jdbc.datasource.DataSourceTransactionManager - Releasing JDBC Connection [jdbc:hsqldb:file:database.dat;shutdown=true, UserName=SA, HSQL Database Engine Driver] after transaction
]]></system-out>
  </testcase>
  <testcase name="testAddingCustomer" classname="com.yrgo.test.CustomerManagementServiceIntegrationTest" time="0.141">
    <failure message="There should be two books in the database! ==&gt; expected: &lt;2&gt; but was: &lt;0&gt;" type="org.opentest4j.AssertionFailedError"><![CDATA[org.opentest4j.AssertionFailedError: There should be two books in the database! ==> expected: <2> but was: <0>
	at org.junit.jupiter.api.AssertionFailureBuilder.build(AssertionFailureBuilder.java:151)
	at org.junit.jupiter.api.AssertionFailureBuilder.buildAndThrow(AssertionFailureBuilder.java:132)
	at org.junit.jupiter.api.AssertEquals.failNotEqual(AssertEquals.java:197)
	at org.junit.jupiter.api.AssertEquals.assertEquals(AssertEquals.java:150)
	at org.junit.jupiter.api.Assertions.assertEquals(Assertions.java:560)
	at com.yrgo.test.CustomerManagementServiceIntegrationTest.testAddingCustomer(CustomerManagementServiceIntegrationTest.java:39)
	at java.base/jdk.internal.reflect.NativeMethodAccessorImpl.invoke0(Native Method)
	at java.base/jdk.internal.reflect.NativeMethodAccessorImpl.invoke(NativeMethodAccessorImpl.java:77)
	at java.base/jdk.internal.reflect.DelegatingMethodAccessorImpl.invoke(DelegatingMethodAccessorImpl.java:43)
	at java.base/java.lang.reflect.Method.invoke(Method.java:568)
	at org.junit.platform.commons.util.ReflectionUtils.invokeMethod(ReflectionUtils.java:727)
	at org.junit.jupiter.engine.execution.MethodInvocation.proceed(MethodInvocation.java:60)
	at org.junit.jupiter.engine.execution.InvocationInterceptorChain$ValidatingInvocation.proceed(InvocationInterceptorChain.java:131)
	at org.junit.jupiter.engine.extension.TimeoutExtension.intercept(TimeoutExtension.java:156)
	at org.junit.jupiter.engine.extension.TimeoutExtension.interceptTestableMethod(TimeoutExtension.java:147)
	at org.junit.jupiter.engine.extension.TimeoutExtension.interceptTestMethod(TimeoutExtension.java:86)
	at org.junit.jupiter.engine.execution.InterceptingExecutableInvoker$ReflectiveInterceptorCall.lambda$ofVoidMethod$0(InterceptingExecutableInvoker.java:103)
	at org.junit.jupiter.engine.execution.InterceptingExecutableInvoker.lambda$invoke$0(InterceptingExecutableInvoker.java:93)
	at org.junit.jupiter.engine.execution.InvocationInterceptorChain$InterceptedInvocation.proceed(InvocationInterceptorChain.java:106)
	at org.junit.jupiter.engine.execution.InvocationInterceptorChain.proceed(InvocationInterceptorChain.java:64)
	at org.junit.jupiter.engine.execution.InvocationInterceptorChain.chainAndInvoke(InvocationInterceptorChain.java:45)
	at org.junit.jupiter.engine.execution.InvocationInterceptorChain.invoke(InvocationInterceptorChain.java:37)
	at org.junit.jupiter.engine.execution.InterceptingExecutableInvoker.invoke(InterceptingExecutableInvoker.java:92)
	at org.junit.jupiter.engine.execution.InterceptingExecutableInvoker.invoke(InterceptingExecutableInvoker.java:86)
	at org.junit.jupiter.engine.descriptor.TestMethodTestDescriptor.lambda$invokeTestMethod$7(TestMethodTestDescriptor.java:217)
	at org.junit.platform.engine.support.hierarchical.ThrowableCollector.execute(ThrowableCollector.java:73)
	at org.junit.jupiter.engine.descriptor.TestMethodTestDescriptor.invokeTestMethod(TestMethodTestDescriptor.java:213)
	at org.junit.jupiter.engine.descriptor.TestMethodTestDescriptor.execute(TestMethodTestDescriptor.java:138)
	at org.junit.jupiter.engine.descriptor.TestMethodTestDescriptor.execute(TestMethodTestDescriptor.java:68)
	at org.junit.platform.engine.support.hierarchical.NodeTestTask.lambda$executeRecursively$6(NodeTestTask.java:151)
	at org.junit.platform.engine.support.hierarchical.ThrowableCollector.execute(ThrowableCollector.java:73)
	at org.junit.platform.engine.support.hierarchical.NodeTestTask.lambda$executeRecursively$8(NodeTestTask.java:141)
	at org.junit.platform.engine.support.hierarchical.Node.around(Node.java:137)
	at org.junit.platform.engine.support.hierarchical.NodeTestTask.lambda$executeRecursively$9(NodeTestTask.java:139)
	at org.junit.platform.engine.support.hierarchical.ThrowableCollector.execute(ThrowableCollector.java:73)
	at org.junit.platform.engine.support.hierarchical.NodeTestTask.executeRecursively(NodeTestTask.java:138)
	at org.junit.platform.engine.support.hierarchical.NodeTestTask.execute(NodeTestTask.java:95)
	at java.base/java.util.ArrayList.forEach(ArrayList.java:1511)
	at org.junit.platform.engine.support.hierarchical.SameThreadHierarchicalTestExecutorService.invokeAll(SameThreadHierarchicalTestExecutorService.java:41)
	at org.junit.platform.engine.support.hierarchical.NodeTestTask.lambda$executeRecursively$6(NodeTestTask.java:155)
	at org.junit.platform.engine.support.hierarchical.ThrowableCollector.execute(ThrowableCollector.java:73)
	at org.junit.platform.engine.support.hierarchical.NodeTestTask.lambda$executeRecursively$8(NodeTestTask.java:141)
	at org.junit.platform.engine.support.hierarchical.Node.around(Node.java:137)
	at org.junit.platform.engine.support.hierarchical.NodeTestTask.lambda$executeRecursively$9(NodeTestTask.java:139)
	at org.junit.platform.engine.support.hierarchical.ThrowableCollector.execute(ThrowableCollector.java:73)
	at org.junit.platform.engine.support.hierarchical.NodeTestTask.executeRecursively(NodeTestTask.java:138)
	at org.junit.platform.engine.support.hierarchical.NodeTestTask.execute(NodeTestTask.java:95)
	at java.base/java.util.ArrayList.forEach(ArrayList.java:1511)
	at org.junit.platform.engine.support.hierarchical.SameThreadHierarchicalTestExecutorService.invokeAll(SameThreadHierarchicalTestExecutorService.java:41)
	at org.junit.platform.engine.support.hierarchical.NodeTestTask.lambda$executeRecursively$6(NodeTestTask.java:155)
	at org.junit.platform.engine.support.hierarchical.ThrowableCollector.execute(ThrowableCollector.java:73)
	at org.junit.platform.engine.support.hierarchical.NodeTestTask.lambda$executeRecursively$8(NodeTestTask.java:141)
	at org.junit.platform.engine.support.hierarchical.Node.around(Node.java:137)
	at org.junit.platform.engine.support.hierarchical.NodeTestTask.lambda$executeRecursively$9(NodeTestTask.java:139)
	at org.junit.platform.engine.support.hierarchical.ThrowableCollector.execute(ThrowableCollector.java:73)
	at org.junit.platform.engine.support.hierarchical.NodeTestTask.executeRecursively(NodeTestTask.java:138)
	at org.junit.platform.engine.support.hierarchical.NodeTestTask.execute(NodeTestTask.java:95)
	at org.junit.platform.engine.support.hierarchical.SameThreadHierarchicalTestExecutorService.submit(SameThreadHierarchicalTestExecutorService.java:35)
	at org.junit.platform.engine.support.hierarchical.HierarchicalTestExecutor.execute(HierarchicalTestExecutor.java:57)
	at org.junit.platform.engine.support.hierarchical.HierarchicalTestEngine.execute(HierarchicalTestEngine.java:54)
	at org.junit.platform.launcher.core.EngineExecutionOrchestrator.execute(EngineExecutionOrchestrator.java:147)
	at org.junit.platform.launcher.core.EngineExecutionOrchestrator.execute(EngineExecutionOrchestrator.java:127)
	at org.junit.platform.launcher.core.EngineExecutionOrchestrator.execute(EngineExecutionOrchestrator.java:90)
	at org.junit.platform.launcher.core.EngineExecutionOrchestrator.lambda$execute$0(EngineExecutionOrchestrator.java:55)
	at org.junit.platform.launcher.core.EngineExecutionOrchestrator.withInterceptedStreams(EngineExecutionOrchestrator.java:102)
	at org.junit.platform.launcher.core.EngineExecutionOrchestrator.execute(EngineExecutionOrchestrator.java:54)
	at org.junit.platform.launcher.core.DefaultLauncher.execute(DefaultLauncher.java:114)
	at org.junit.platform.launcher.core.DefaultLauncher.execute(DefaultLauncher.java:86)
	at org.junit.platform.launcher.core.DefaultLauncherSession$DelegatingLauncher.execute(DefaultLauncherSession.java:86)
	at org.apache.maven.surefire.junitplatform.LazyLauncher.execute(LazyLauncher.java:56)
	at org.apache.maven.surefire.junitplatform.JUnitPlatformProvider.execute(JUnitPlatformProvider.java:184)
	at org.apache.maven.surefire.junitplatform.JUnitPlatformProvider.invokeAllTests(JUnitPlatformProvider.java:148)
	at org.apache.maven.surefire.junitplatform.JUnitPlatformProvider.invoke(JUnitPlatformProvider.java:122)
	at org.apache.maven.surefire.booter.ForkedBooter.runSuitesInProcess(ForkedBooter.java:385)
	at org.apache.maven.surefire.booter.ForkedBooter.execute(ForkedBooter.java:162)
	at org.apache.maven.surefire.booter.ForkedBooter.run(ForkedBooter.java:507)
	at org.apache.maven.surefire.booter.ForkedBooter.main(ForkedBooter.java:495)
]]></failure>
    <system-out><![CDATA[Hibernate: drop table if exists Action CASCADE 
Hibernate: drop table if exists Customer CASCADE 
Hibernate: drop table if exists Customer_TBL_CALL CASCADE 
Hibernate: drop table if exists TBL_CALL CASCADE 
Hibernate: drop sequence if exists hibernate_sequence
Hibernate: create sequence hibernate_sequence start with 1 increment by 1
Hibernate: create table Action (actionId integer not null, complete boolean not null, details varchar(255), owningUser varchar(255), requiredBy timestamp, primary key (actionId))
Hibernate: create table Customer (customerId varchar(255) not null, companyName varchar(255), email varchar(255), notes varchar(255), telephone varchar(255), primary key (customerId))
Hibernate: create table Customer_TBL_CALL (Customer_customerId varchar(255) not null, calls_id integer not null)
Hibernate: create table TBL_CALL (id integer not null, notes varchar(255), timeAndDate timestamp, primary key (id))
Hibernate: alter table Customer_TBL_CALL add constraint UK_klici3tapu1wnmase4vwypfc4 unique (calls_id)
Hibernate: alter table Customer_TBL_CALL add constraint FKcp9vxb18jnb84qqhht8yw6qgt foreign key (calls_id) references TBL_CALL
Hibernate: alter table Customer_TBL_CALL add constraint FKd2jiq43djxj5qjwo01ilaaqoq foreign key (Customer_customerId) references Customer
10:48:43.529 [main] DEBUG org.springframework.jdbc.datasource.DataSourceTransactionManager - Creating new transaction with name [com.yrgo.services.customers.CustomerManagementServiceProductionImpl.newCustomer]: PROPAGATION_REQUIRES_NEW,ISOLATION_DEFAULT
10:48:43.529 [main] DEBUG org.springframework.jdbc.datasource.DataSourceTransactionManager - Acquired Connection [jdbc:hsqldb:file:database.dat;shutdown=true, UserName=SA, HSQL Database Engine Driver] for JDBC transaction
10:48:43.529 [main] DEBUG org.springframework.jdbc.datasource.DataSourceTransactionManager - Switching JDBC Connection [jdbc:hsqldb:file:database.dat;shutdown=true, UserName=SA, HSQL Database Engine Driver] to manual commit
10:48:43.529 [main] DEBUG org.springframework.jdbc.datasource.DataSourceTransactionManager - Participating in existing transaction
Hibernate: select customer0_.customerId as customer1_1_1_, customer0_.companyName as companyn2_1_1_, customer0_.email as email3_1_1_, customer0_.notes as notes4_1_1_, customer0_.telephone as telephon5_1_1_, calls1_.Customer_customerId as customer1_2_3_, call2_.id as calls_id2_2_3_, call2_.id as id1_3_0_, call2_.notes as notes2_3_0_, call2_.timeAndDate as timeandd3_3_0_ from Customer customer0_ left outer join Customer_TBL_CALL calls1_ on customer0_.customerId=calls1_.Customer_customerId left outer join TBL_CALL call2_ on calls1_.calls_id=call2_.id where customer0_.customerId=?
&amp#27;[34mTIMER: Method &amp#27;[33mCustomerDao.create()&amp#27;[34m took 2.0539ms
&amp#27;[0m&amp#27;[34mTIMER: Method &amp#27;[33mCustomerManagementService.newCustomer()&amp#27;[34m took 2.4468ms
&amp#27;[0m10:48:43.532 [main] DEBUG org.springframework.jdbc.datasource.DataSourceTransactionManager - Initiating transaction commit
10:48:43.532 [main] DEBUG org.springframework.jdbc.datasource.DataSourceTransactionManager - Committing JDBC transaction on Connection [jdbc:hsqldb:file:database.dat;shutdown=true, UserName=SA, HSQL Database Engine Driver]
10:48:43.532 [main] DEBUG org.springframework.jdbc.datasource.DataSourceTransactionManager - Releasing JDBC Connection [jdbc:hsqldb:file:database.dat;shutdown=true, UserName=SA, HSQL Database Engine Driver] after transaction
10:48:43.532 [main] DEBUG org.springframework.jdbc.datasource.DataSourceTransactionManager - Creating new transaction with name [com.yrgo.services.customers.CustomerManagementServiceProductionImpl.newCustomer]: PROPAGATION_REQUIRES_NEW,ISOLATION_DEFAULT
10:48:43.532 [main] DEBUG org.springframework.jdbc.datasource.DataSourceTransactionManager - Acquired Connection [jdbc:hsqldb:file:database.dat;shutdown=true, UserName=SA, HSQL Database Engine Driver] for JDBC transaction
10:48:43.532 [main] DEBUG org.springframework.jdbc.datasource.DataSourceTransactionManager - Switching JDBC Connection [jdbc:hsqldb:file:database.dat;shutdown=true, UserName=SA, HSQL Database Engine Driver] to manual commit
10:48:43.532 [main] DEBUG org.springframework.jdbc.datasource.DataSourceTransactionManager - Participating in existing transaction
Hibernate: select customer0_.customerId as customer1_1_1_, customer0_.companyName as companyn2_1_1_, customer0_.email as email3_1_1_, customer0_.notes as notes4_1_1_, customer0_.telephone as telephon5_1_1_, calls1_.Customer_customerId as customer1_2_3_, call2_.id as calls_id2_2_3_, call2_.id as id1_3_0_, call2_.notes as notes2_3_0_, call2_.timeAndDate as timeandd3_3_0_ from Customer customer0_ left outer join Customer_TBL_CALL calls1_ on customer0_.customerId=calls1_.Customer_customerId left outer join TBL_CALL call2_ on calls1_.calls_id=call2_.id where customer0_.customerId=?
&amp#27;[34mTIMER: Method &amp#27;[33mCustomerDao.create()&amp#27;[34m took 0.8253ms
&amp#27;[0m&amp#27;[34mTIMER: Method &amp#27;[33mCustomerManagementService.newCustomer()&amp#27;[34m took 0.99ms
&amp#27;[0m10:48:43.533 [main] DEBUG org.springframework.jdbc.datasource.DataSourceTransactionManager - Initiating transaction commit
10:48:43.534 [main] DEBUG org.springframework.jdbc.datasource.DataSourceTransactionManager - Committing JDBC transaction on Connection [jdbc:hsqldb:file:database.dat;shutdown=true, UserName=SA, HSQL Database Engine Driver]
10:48:43.534 [main] DEBUG org.springframework.jdbc.datasource.DataSourceTransactionManager - Releasing JDBC Connection [jdbc:hsqldb:file:database.dat;shutdown=true, UserName=SA, HSQL Database Engine Driver] after transaction
10:48:43.534 [main] DEBUG org.springframework.jdbc.datasource.DataSourceTransactionManager - Creating new transaction with name [com.yrgo.services.customers.CustomerManagementServiceProductionImpl.getAllCustomers]: PROPAGATION_REQUIRES_NEW,ISOLATION_DEFAULT
10:48:43.534 [main] DEBUG org.springframework.jdbc.datasource.DataSourceTransactionManager - Acquired Connection [jdbc:hsqldb:file:database.dat;shutdown=true, UserName=SA, HSQL Database Engine Driver] for JDBC transaction
10:48:43.534 [main] DEBUG org.springframework.jdbc.datasource.DataSourceTransactionManager - Switching JDBC Connection [jdbc:hsqldb:file:database.dat;shutdown=true, UserName=SA, HSQL Database Engine Driver] to manual commit
Hibernate: select customer0_.customerId as customer1_1_, customer0_.companyName as companyn2_1_, customer0_.email as email3_1_, customer0_.notes as notes4_1_, customer0_.telephone as telephon5_1_ from Customer customer0_
&amp#27;[34mTIMER: Method &amp#27;[33mCustomerDao.getAllCustomers()&amp#27;[34m took 1.3227ms
&amp#27;[0m&amp#27;[34mTIMER: Method &amp#27;[33mCustomerManagementService.getAllCustomers()&amp#27;[34m took 1.5448ms
&amp#27;[0m10:48:43.536 [main] DEBUG org.springframework.jdbc.datasource.DataSourceTransactionManager - Initiating transaction commit
10:48:43.536 [main] DEBUG org.springframework.jdbc.datasource.DataSourceTransactionManager - Committing JDBC transaction on Connection [jdbc:hsqldb:file:database.dat;shutdown=true, UserName=SA, HSQL Database Engine Driver]
10:48:43.536 [main] DEBUG org.springframework.jdbc.datasource.DataSourceTransactionManager - Releasing JDBC Connection [jdbc:hsqldb:file:database.dat;shutdown=true, UserName=SA, HSQL Database Engine Driver] after transaction
]]></system-out>
  </testcase>
</testsuite>